
ROM used:   769/8192 (9%)
            769/8192 (9%) including unused fragments

            0.6 Average locations per line
            6.8 Average locations per statement

RAM used:   10/368 (3%) at main() level
            22/368 (6%) worst case

Stack used: 5 worst case (5 in main + 0 for interrupts)
Stack size: 8

Lines Stmts  %   Files
----- ----- ---  -----
   61    29  26  main.c
  768     0   0  ..\..\Program Files (x86)\PICC\Devices\16f887.h
  456    84  74  ..\..\Program Files (x86)\PICC\Drivers\lcd.c
----- -----
 1285   113 Total

Page ROM  %  RAM   Vol Diff  Functions:
---- --- --- ---   --- ----  ----------
0     21   3    1             @delay_ms1
 Inline         3   596  5.9  lcd_read_byte
0      6   1    0    59  4.2  lcd_read_nibble
0     12   2    1   179  3.3  lcd_send_nibble
0     64   8    3   460  4.7  lcd_send_byte
0     62   8    6   814  7.2  lcd_init
0     18   2    4   208  6.3  lcd_gotoxy
0     44   6    1   354  4.7  lcd_putc
0     29   4    2   267  6.8  @GETCH_BIU_1
0    200  26    4   957  5.3  MAIN
0     10   1    0             @const668
0     91  12    5   260  2.7  @PSTRINGCN7_9600_62_63
0     91  12    9             @PRINTF_LU_9600_62_63
0      6   1    0             @const674
0     86  11    4             @PSTRINGC7_646
0      5   1    0             @const676
0      6   1    0             @const678
0      7   1    0             @const679
0      7   1    0             @const681
 Inline         0             @cinit1

Program metrics:
    Functions               10
    Statements              113
    Comments                232
    Volume (V)              6481
    Difficulty (D)          48.0
    Effort to implement (E) 311121
    Time to implement (T)   4 hours, 48 minutes
    Est Delivered Bugs (B)  2
    Cyclomatic Complexity   12
    Maintainability (MI)    144

 Segment     Used  Free
-----------  ----  ----
00000-00003     4  0  
00004-007FF   765  1279  
00800-00FFF     0  2048  
01000-017FF     0  2048  
01800-01FFF     0  2048  



