
ROM used:   3200/8192 (39%)
            3432/8192 (42%) including unused fragments

            0.9 Average locations per line
            6.7 Average locations per statement

RAM used:   12/368 (3%) at main() level
            54/368 (15%) worst case

Stack used: 6 worst case (6 in main + 0 for interrupts)
Stack size: 8

Lines Stmts  %   Files
----- ----- ---  -----
  269   136  29  main.c
  768     0   0  ..\..\..\..\..\Program Files (x86)\PICC\Devices\16f887.h
  456    84  18  ..\..\..\..\..\Program Files (x86)\PICC\Drivers\lcd.c
 2229   257  54  ..\..\..\..\..\Program Files (x86)\PICC\Drivers\math.h
   34     0   0  ..\..\..\..\..\Program Files (x86)\PICC\Drivers\stdbool.h
----- -----
 3756   477 Total

Page ROM  %  RAM   Vol Diff  Functions:
---- --- --- ---   --- ----  ----------
0     21   1    1             @delay_ms1
 Inline         3   596  5.9  lcd_read_byte
0      6   0    0    59  4.2  lcd_read_nibble
0     12   0    1   179  3.3  lcd_send_nibble
0     64   2    3   460  4.7  lcd_send_byte
0     62   2    6   814  7.2  lcd_init
0     18   1    4   208  6.3  lcd_gotoxy
0     44   1    1   354  4.7  lcd_putc
0     63   2   10             @FLT
0     29   1    2             @ITOF
0    117   4   13             @MULFF
0    202   6   14             @DIVFF
0     27   1    2             @GETCH_BIU_1
1    751  23   18  1962  6.9  automatico
0      6   0    0             @const814
0     86   3    4             @PSTRINGC7_646
0      6   0    0             @const817
0     31   1    5             @FTOSD
0     79   2   13             @DIV3232
0    195   6   13             @PRINTF_L32D_646FPFPF
0     87   3    5             @PSTRINGCN7_646
0     12   0    0             @const828
0    199   6   13             @PRINTF_L32D_9600_62_63FPFPF
0     89   3    5             @PSTRINGCN7_9600_62_63
0      6   0    0             @const834
0     10   0    0             @const835
0      6   0    0             @const836
0     10   0    0             @const837
0      6   0    0             @const838
0     10   0    0             @const839
1    633  20   20  2633  7.1  manual
0      6   0    0             @const850
0      7   0    0             @const852
0      7   0    0             @const853
0     13   0    0             @const854
0     11   0    0             @const855
0    145   5    5   547  5.1  MAIN
0     17   1    0             @const863
0     88   3    4             @PSTRINGC7_9600_62_63
0     15   0    0             @const865
 Inline         0             @cinit1

Program metrics:
    Functions               10
    Statements              477
    Comments                545
    Volume (V)              11355
    Difficulty (D)          50.7
    Effort to implement (E) 575624
    Time to implement (T)   8 hours, 53 minutes
    Est Delivered Bugs (B)  2
    Cyclomatic Complexity   22
    Maintainability (MI)    26

 Segment     Used  Free
-----------  ----  ----
00000-00003     4  0  
00004-007FF  1812  232  
00800-00FFF  1384  664  
01000-017FF     0  2048  
01800-01FFF     0  2048  



