
ROM used:   1129/8192 (14%)
            1129/8192 (14%) including unused fragments

            0.3 Average locations per line
            2.9 Average locations per statement

RAM used:   12/368 (3%) at main() level
            29/368 (8%) worst case

Stack used: 5 worst case (5 in main + 0 for interrupts)
Stack size: 8

Lines Stmts  %   Files
----- ----- ---  -----
   79    47  12  main.c
  768     0   0  ..\..\Program Files (x86)\PICC\Devices\16f887.h
  456    84  22  ..\..\Program Files (x86)\PICC\Drivers\lcd.c
 2229   257  66  ..\..\Program Files (x86)\PICC\Drivers\math.h
----- -----
 3532   388 Total

Page ROM  %  RAM   Vol Diff  Functions:
---- --- --- ---   --- ----  ----------
0     21   2    1             @delay_ms1
 Inline         3   596  5.9  lcd_read_byte
0      6   1    0    59  4.2  lcd_read_nibble
0     12   1    1   179  3.3  lcd_send_nibble
0     64   6    3   460  4.7  lcd_send_byte
0     62   5    6   814  7.2  lcd_init
0     18   2    4   208  6.3  lcd_gotoxy
0     44   4    1   354  4.7  lcd_putc
0    470  42    6  1834  6.8  MAIN
0      7   1    0             @const807
0     86   8    4             @PSTRINGC7_646
0      8   1    0             @const809
0     87   8    5             @PSTRINGCN7_646
0     46   4    6             @MULS1616
0     62   5    6             @DIVS1616
0      8   1    0             @const819
0      9   1    0             @const820
0     99   9    9             @PRINTF_LU_646
0      7   1    0             @const824
0      9   1    0             @const825
 Inline         0             @cinit1

Program metrics:
    Functions               8
    Statements              388
    Comments                495
    Volume (V)              6490
    Difficulty (D)          39.9
    Effort to implement (E) 258924
    Time to implement (T)   4 hours, 0 minutes
    Est Delivered Bugs (B)  1
    Cyclomatic Complexity   11
    Maintainability (MI)    54

 Segment     Used  Free
-----------  ----  ----
00000-00003     4  0  
00004-007FF  1125  919  
00800-00FFF     0  2048  
01000-017FF     0  2048  
01800-01FFF     0  2048  



