
ROM used:   558/8192 (7%)
            558/8192 (7%) including unused fragments

            0.4 Average locations per line
            5.6 Average locations per statement

RAM used:   10/368 (3%) at main() level
            28/368 (8%) worst case

Stack used: 5 worst case (5 in main + 0 for interrupts)
Stack size: 8

Lines Stmts  %   Files
----- ----- ---  -----
   35    16  16  main.c
  768     0   0  ..\..\Program Files (x86)\PICC\Devices\16f887.h
  456    84  84  ..\..\Program Files (x86)\PICC\Drivers\lcd.c
----- -----
 1259   100 Total

Page ROM  %  RAM   Vol Diff  Functions:
---- --- --- ---   --- ----  ----------
0     21   4    1             @delay_ms1
 Inline         3   596  5.9  lcd_read_byte
0      6   1    0    59  4.2  lcd_read_nibble
0     12   2    1   179  3.3  lcd_send_nibble
0     64  11    3   460  4.7  lcd_send_byte
0     60  11    6   814  7.2  lcd_init
0     18   3    4   208  6.3  lcd_gotoxy
0     44   8    1   354  4.7  lcd_putc
0    129  23    5   467  2.9  MAIN
0      7   1    0   453  2.9  @const664
0     87  16    5             @PSTRINGCN7_646
0     99  18    9             @PRINTF_LU_646
0      7   1    0             @const669
 Inline         0             @cinit1

Program metrics:
    Functions               9
    Statements              100
    Comments                231
    Volume (V)              5562
    Difficulty (D)          39.9
    Effort to implement (E) 222011
    Time to implement (T)   3 hours, 26 minutes
    Est Delivered Bugs (B)  1
    Cyclomatic Complexity   8
    Maintainability (MI)    148

 Segment     Used  Free
-----------  ----  ----
00000-00003     4  0  
00004-007FF   554  1490  
00800-00FFF     0  2048  
01000-017FF     0  2048  
01800-01FFF     0  2048  



