
ROM used:   1867/8192 (23%)
            1867/8192 (23%) including unused fragments

            0.5 Average locations per line
            3.9 Average locations per statement

RAM used:   12/368 (3%) at main() level
            39/368 (11%) worst case

Stack used: 6 worst case (6 in main + 0 for interrupts)
Stack size: 8

Lines Stmts  %   Files
----- ----- ---  -----
  255   139  29  main.c
  768     0   0  ..\..\Program Files (x86)\PICC\Devices\16f887.h
  456    84  18  ..\..\Program Files (x86)\PICC\Drivers\lcd.c
 2229   257  54  ..\..\Program Files (x86)\PICC\Drivers\math.h
   34     0   0  ..\..\Program Files (x86)\PICC\Drivers\stdbool.h
----- -----
 3742   480 Total

Page ROM  %  RAM   Vol Diff  Functions:
---- --- --- ---   --- ----  ----------
0     21   1    1             @delay_ms1
 Inline         3   596  5.9  lcd_read_byte
0      6   0    0    59  4.2  lcd_read_nibble
0     12   1    1   179  3.3  lcd_send_nibble
0     64   3    3   460  4.7  lcd_send_byte
0     62   3    6   814  7.2  lcd_init
0     18   1    4   208  6.3  lcd_gotoxy
0     44   2    1   354  4.7  lcd_putc
0     27   1    2             @GETCH_BIU_1
0    413  22    9  1915  6.0  automatico
0      6   0    0             @const814
0     86   5    4             @PSTRINGC7_646
0      7   0    0             @const817
0     87   5    5             @PSTRINGCN7_646
0     99   5    9             @PRINTF_LU_646
0      7   0    0             @const822
0      7   0    0             @const823
0      7   0    0             @const824
0     12   1    0             @const825
0     89   5    5   547  5.1  @PSTRINGCN7_9600_62_63
0     89   5    9             @PRINTF_LU_9600_62_63
0     11   1    0   547  5.1  @const830
0    382  20    9  2421  6.0  manual
0      6   0    0             @const839
0      8   0    0             @const841
0      8   0    0             @const842
0     13   1    0   547  5.1  @const843
0     11   1    0             @const844
0    141   8    5   547  5.1  MAIN
0     17   1    0   547  5.1  @const852
0     88   5    4   547  5.1  @PSTRINGC7_9600_62_63
0     15   1    0             @const854
 Inline         0             @cinit1

Program metrics:
    Functions               15
    Statements              480
    Comments                519
    Volume (V)              16275
    Difficulty (D)          75.8
    Effort to implement (E) 1233512
    Time to implement (T)   19 hours, 2 minutes
    Est Delivered Bugs (B)  4
    Cyclomatic Complexity   39
    Maintainability (MI)    93

 Segment     Used  Free
-----------  ----  ----
00000-00003     4  0  
00004-007FF  1863  181  
00800-00FFF     0  2048  
01000-017FF     0  2048  
01800-01FFF     0  2048  



