
ROM used:   752/8192 (9%)
            752/8192 (9%) including unused fragments

            0.6 Average locations per line
            7.8 Average locations per statement

RAM used:   9/368 (2%) at main() level
            27/368 (7%) worst case

Stack used: 5 worst case (5 in main + 0 for interrupts)
Stack size: 8

Lines Stmts  %   Files
----- ----- ---  -----
   36    12  12  main.c
  768     0   0  ..\..\Program Files (x86)\PICC\Devices\16f887.h
  456    84  88  ..\..\Program Files (x86)\PICC\Drivers\lcd.c
----- -----
 1260    96 Total

Page ROM  %  RAM   Vol Diff  Functions:
---- --- --- ---   --- ----  ----------
0     21   3    1             @delay_ms1
 Inline         3   596  5.9  lcd_read_byte
0      6   1    0    59  4.2  lcd_read_nibble
0     12   2    1   179  3.3  lcd_send_nibble
0     64   9    3   460  4.7  lcd_send_byte
0     62   8    6   814  7.2  lcd_init
0     18   2    4   208  6.3  lcd_gotoxy
0     44   6    1   354  4.7  lcd_putc
0    131  17    3   305  2.7  MAIN
0     10   1    0             @const667
0     91  12    5             @PSTRINGCN7_9600_62_63
0     91  12    9             @PRINTF_LU_9600_62_63
0      8   1    0             @const673
0     89  12    5             @PSTRINGCN7_646
0    101  13    9             @PRINTF_LU_646
 Inline         0             @cinit1

Program metrics:
    Functions               8
    Statements              96
    Comments                230
    Volume (V)              4525
    Difficulty (D)          36.8
    Effort to implement (E) 166632
    Time to implement (T)   2 hours, 34 minutes
    Est Delivered Bugs (B)  1
    Cyclomatic Complexity   8
    Maintainability (MI)    143

 Segment     Used  Free
-----------  ----  ----
00000-00003     4  0  
00004-007FF   748  1296  
00800-00FFF     0  2048  
01000-017FF     0  2048  
01800-01FFF     0  2048  



