
ROM used:   887/8192 (11%)
            887/8192 (11%) including unused fragments

            0.7 Average locations per line
            9.1 Average locations per statement

RAM used:   18/368 (5%) at main() level
            39/368 (11%) worst case

Stack used: 5 worst case (5 in main + 0 for interrupts)
Stack size: 8

Lines Stmts  %   Files
----- ----- ---  -----
   42    14  14  main.c
  768     0   0  ..\..\Program Files (x86)\PICC\Devices\16f887.h
  456    84  86  ..\..\Program Files (x86)\PICC\Drivers\lcd.c
----- -----
 1266    98 Total

Page ROM  %  RAM   Vol Diff  Functions:
---- --- --- ---   --- ----  ----------
0     21   2    1             @delay_ms1
 Inline         3   596  5.9  lcd_read_byte
0      6   1    0    59  4.2  lcd_read_nibble
0     12   1    1   179  3.3  lcd_send_nibble
0     64   7    3   460  4.7  lcd_send_byte
0     62   7    6   814  7.2  lcd_init
0     18   2    4   208  6.3  lcd_gotoxy
0     44   5    1   354  4.7  lcd_putc
0    198  22   13   494  3.8  MAIN
0     42   5   13             @MUL3232
0     79   9   13             @DIV3232
0      6   1    0             @const671
0     87  10    5             @PSTRINGCN7_646
0     21   2    3             @DIV88
0     89  10    6             @PRINTF_D_646
0      6   1    0             @const680
0    128  14   12             @PRINTF_L32D_646
 Inline         0             @cinit1

Program metrics:
    Functions               8
    Statements              98
    Comments                241
    Volume (V)              4800
    Difficulty (D)          37.6
    Effort to implement (E) 180670
    Time to implement (T)   2 hours, 47 minutes
    Est Delivered Bugs (B)  1
    Cyclomatic Complexity   8
    Maintainability (MI)    137

 Segment     Used  Free
-----------  ----  ----
00000-00003     4  0  
00004-007FF   883  1161  
00800-00FFF     0  2048  
01000-017FF     0  2048  
01800-01FFF     0  2048  



